2023-11-08 15:12:10 [background-preinit] INFO  o.h.validator.internal.util.Version - HV000001: Hibernate Validator 6.1.5.Final
2023-11-08 15:12:11 [main] INFO  c.n.c.ConfigServerApplication - No active profile set, falling back to default profiles: default
2023-11-08 15:12:12 [main] INFO  o.s.cloud.context.scope.GenericScope - BeanFactory id=11062ddc-ae9d-3cbf-92eb-9e4d8d055a13
2023-11-08 15:12:12 [main] INFO  o.s.b.w.e.tomcat.TomcatWebServer - Tomcat initialized with port(s): 8888 (http)
2023-11-08 15:12:12 [main] INFO  o.a.coyote.http11.Http11NioProtocol - Initializing ProtocolHandler ["http-nio-8888"]
2023-11-08 15:12:12 [main] INFO  o.a.catalina.core.StandardService - Starting service [Tomcat]
2023-11-08 15:12:12 [main] INFO  o.a.catalina.core.StandardEngine - Starting Servlet engine: [Apache Tomcat/9.0.38]
2023-11-08 15:12:12 [main] INFO  o.a.c.c.C.[Tomcat].[localhost].[/] - Initializing Spring embedded WebApplicationContext
2023-11-08 15:12:12 [main] INFO  o.s.b.w.s.c.ServletWebServerApplicationContext - Root WebApplicationContext: initialization completed in 1456 ms
2023-11-08 15:12:12 [main] INFO  o.s.s.c.ThreadPoolTaskExecutor - Initializing ExecutorService 'applicationTaskExecutor'
2023-11-08 15:12:13 [main] INFO  o.s.b.a.e.web.EndpointLinksResolver - Exposing 2 endpoint(s) beneath base path '/actuator'
2023-11-08 15:12:13 [main] INFO  o.a.coyote.http11.Http11NioProtocol - Starting ProtocolHandler ["http-nio-8888"]
2023-11-08 15:12:13 [main] INFO  o.s.b.w.e.tomcat.TomcatWebServer - Tomcat started on port(s): 8888 (http) with context path ''
2023-11-08 15:12:13 [main] INFO  c.n.c.ConfigServerApplication - Started ConfigServerApplication in 3.77 seconds (JVM running for 4.345)
2023-11-08 15:33:00 [http-nio-8888-exec-1] INFO  o.a.c.c.C.[Tomcat].[localhost].[/] - Initializing Spring DispatcherServlet 'dispatcherServlet'
2023-11-08 15:33:00 [http-nio-8888-exec-1] INFO  o.s.web.servlet.DispatcherServlet - Initializing Servlet 'dispatcherServlet'
2023-11-08 15:33:00 [http-nio-8888-exec-1] INFO  o.s.web.servlet.DispatcherServlet - Completed initialization in 12 ms
2023-11-08 15:33:00 [http-nio-8888-exec-1] WARN  o.s.c.c.s.e.MultipleJGitEnvironmentRepository - Could not merge remote for master remote: null
2023-11-08 15:33:00 [http-nio-8888-exec-1] DEBUG o.s.c.c.s.e.MultipleJGitEnvironmentRepository - Stacktrace for: Could not merge remote for master remote: null
java.lang.NullPointerException: null
	at org.eclipse.jgit.api.MergeCommand.call(MergeCommand.java:255)
	at org.springframework.cloud.config.server.environment.JGitEnvironmentRepository.merge(JGitEnvironmentRepository.java:498)
	at org.springframework.cloud.config.server.environment.JGitEnvironmentRepository.tryMerge(JGitEnvironmentRepository.java:317)
	at org.springframework.cloud.config.server.environment.JGitEnvironmentRepository.refresh(JGitEnvironmentRepository.java:283)
	at org.springframework.cloud.config.server.environment.JGitEnvironmentRepository.getLocations(JGitEnvironmentRepository.java:246)
	at org.springframework.cloud.config.server.environment.MultipleJGitEnvironmentRepository.getLocations(MultipleJGitEnvironmentRepository.java:146)
	at org.springframework.cloud.config.server.environment.AbstractScmEnvironmentRepository.findOne(AbstractScmEnvironmentRepository.java:57)
	at org.springframework.cloud.config.server.environment.MultipleJGitEnvironmentRepository.findOne(MultipleJGitEnvironmentRepository.java:187)
	at org.springframework.cloud.config.server.environment.CompositeEnvironmentRepository.findOne(CompositeEnvironmentRepository.java:67)
	at org.springframework.cloud.config.server.environment.EnvironmentEncryptorEnvironmentRepository.findOne(EnvironmentEncryptorEnvironmentRepository.java:61)
	at org.springframework.cloud.config.server.environment.EnvironmentController.getEnvironment(EnvironmentController.java:136)
	at org.springframework.cloud.config.server.environment.EnvironmentController.defaultLabelIncludeOrigin(EnvironmentController.java:115)
	at java.base/jdk.internal.reflect.NativeMethodAccessorImpl.invoke0(Native Method)
	at java.base/jdk.internal.reflect.NativeMethodAccessorImpl.invoke(NativeMethodAccessorImpl.java:62)
	at java.base/jdk.internal.reflect.DelegatingMethodAccessorImpl.invoke(DelegatingMethodAccessorImpl.java:43)
	at java.base/java.lang.reflect.Method.invoke(Method.java:566)
	at org.springframework.util.ReflectionUtils.invokeMethod(ReflectionUtils.java:282)
	at org.springframework.cloud.context.scope.GenericScope$LockedScopedProxyFactoryBean.invoke(GenericScope.java:499)
	at org.springframework.aop.framework.ReflectiveMethodInvocation.proceed(ReflectiveMethodInvocation.java:186)
	at org.springframework.aop.framework.CglibAopProxy$CglibMethodInvocation.proceed(CglibAopProxy.java:749)
	at org.springframework.aop.framework.CglibAopProxy$DynamicAdvisedInterceptor.intercept(CglibAopProxy.java:691)
	at org.springframework.cloud.config.server.environment.EnvironmentController$$EnhancerBySpringCGLIB$$82022fdd.defaultLabelIncludeOrigin(<generated>)
	at java.base/jdk.internal.reflect.NativeMethodAccessorImpl.invoke0(Native Method)
	at java.base/jdk.internal.reflect.NativeMethodAccessorImpl.invoke(NativeMethodAccessorImpl.java:62)
	at java.base/jdk.internal.reflect.DelegatingMethodAccessorImpl.invoke(DelegatingMethodAccessorImpl.java:43)
	at java.base/java.lang.reflect.Method.invoke(Method.java:566)
	at org.springframework.web.method.support.InvocableHandlerMethod.doInvoke(InvocableHandlerMethod.java:190)
	at org.springframework.web.method.support.InvocableHandlerMethod.invokeForRequest(InvocableHandlerMethod.java:138)
	at org.springframework.web.servlet.mvc.method.annotation.ServletInvocableHandlerMethod.invokeAndHandle(ServletInvocableHandlerMethod.java:105)
	at org.springframework.web.servlet.mvc.method.annotation.RequestMappingHandlerAdapter.invokeHandlerMethod(RequestMappingHandlerAdapter.java:878)
	at org.springframework.web.servlet.mvc.method.annotation.RequestMappingHandlerAdapter.handleInternal(RequestMappingHandlerAdapter.java:792)
	at org.springframework.web.servlet.mvc.method.AbstractHandlerMethodAdapter.handle(AbstractHandlerMethodAdapter.java:87)
	at org.springframework.web.servlet.DispatcherServlet.doDispatch(DispatcherServlet.java:1040)
	at org.springframework.web.servlet.DispatcherServlet.doService(DispatcherServlet.java:943)
	at org.springframework.web.servlet.FrameworkServlet.processRequest(FrameworkServlet.java:1006)
	at org.springframework.web.servlet.FrameworkServlet.doGet(FrameworkServlet.java:898)
	at javax.servlet.http.HttpServlet.service(HttpServlet.java:626)
	at org.springframework.web.servlet.FrameworkServlet.service(FrameworkServlet.java:883)
	at javax.servlet.http.HttpServlet.service(HttpServlet.java:733)
	at org.apache.catalina.core.ApplicationFilterChain.internalDoFilter(ApplicationFilterChain.java:231)
	at org.apache.catalina.core.ApplicationFilterChain.doFilter(ApplicationFilterChain.java:166)
	at org.apache.tomcat.websocket.server.WsFilter.doFilter(WsFilter.java:53)
	at org.apache.catalina.core.ApplicationFilterChain.internalDoFilter(ApplicationFilterChain.java:193)
	at org.apache.catalina.core.ApplicationFilterChain.doFilter(ApplicationFilterChain.java:166)
	at org.springframework.web.filter.RequestContextFilter.doFilterInternal(RequestContextFilter.java:100)
	at org.springframework.web.filter.OncePerRequestFilter.doFilter(OncePerRequestFilter.java:119)
	at org.apache.catalina.core.ApplicationFilterChain.internalDoFilter(ApplicationFilterChain.java:193)
	at org.apache.catalina.core.ApplicationFilterChain.doFilter(ApplicationFilterChain.java:166)
	at org.springframework.web.filter.FormContentFilter.doFilterInternal(FormContentFilter.java:93)
	at org.springframework.web.filter.OncePerRequestFilter.doFilter(OncePerRequestFilter.java:119)
	at org.apache.catalina.core.ApplicationFilterChain.internalDoFilter(ApplicationFilterChain.java:193)
	at org.apache.catalina.core.ApplicationFilterChain.doFilter(ApplicationFilterChain.java:166)
	at org.springframework.boot.actuate.metrics.web.servlet.WebMvcMetricsFilter.doFilterInternal(WebMvcMetricsFilter.java:93)
	at org.springframework.web.filter.OncePerRequestFilter.doFilter(OncePerRequestFilter.java:119)
	at org.apache.catalina.core.ApplicationFilterChain.internalDoFilter(ApplicationFilterChain.java:193)
	at org.apache.catalina.core.ApplicationFilterChain.doFilter(ApplicationFilterChain.java:166)
	at org.springframework.web.filter.CharacterEncodingFilter.doFilterInternal(CharacterEncodingFilter.java:201)
	at org.springframework.web.filter.OncePerRequestFilter.doFilter(OncePerRequestFilter.java:119)
	at org.apache.catalina.core.ApplicationFilterChain.internalDoFilter(ApplicationFilterChain.java:193)
	at org.apache.catalina.core.ApplicationFilterChain.doFilter(ApplicationFilterChain.java:166)
	at org.apache.catalina.core.StandardWrapperValve.invoke(StandardWrapperValve.java:202)
	at org.apache.catalina.core.StandardContextValve.invoke(StandardContextValve.java:97)
	at org.apache.catalina.authenticator.AuthenticatorBase.invoke(AuthenticatorBase.java:541)
	at org.apache.catalina.core.StandardHostValve.invoke(StandardHostValve.java:143)
	at org.apache.catalina.valves.ErrorReportValve.invoke(ErrorReportValve.java:92)
	at org.apache.catalina.core.StandardEngineValve.invoke(StandardEngineValve.java:78)
	at org.apache.catalina.connector.CoyoteAdapter.service(CoyoteAdapter.java:343)
	at org.apache.coyote.http11.Http11Processor.service(Http11Processor.java:374)
	at org.apache.coyote.AbstractProcessorLight.process(AbstractProcessorLight.java:65)
	at org.apache.coyote.AbstractProtocol$ConnectionHandler.process(AbstractProtocol.java:868)
	at org.apache.tomcat.util.net.NioEndpoint$SocketProcessor.doRun(NioEndpoint.java:1590)
	at org.apache.tomcat.util.net.SocketProcessorBase.run(SocketProcessorBase.java:49)
	at java.base/java.util.concurrent.ThreadPoolExecutor.runWorker(ThreadPoolExecutor.java:1128)
	at java.base/java.util.concurrent.ThreadPoolExecutor$Worker.run(ThreadPoolExecutor.java:628)
	at org.apache.tomcat.util.threads.TaskThread$WrappingRunnable.run(TaskThread.java:61)
	at java.base/java.lang.Thread.run(Thread.java:829)
2023-11-08 15:33:00 [http-nio-8888-exec-1] INFO  o.s.boot.SpringApplication - Starting application on nenad with PID 18009 (started by nenad in /home/nenad/Documents/Learning/event-driven-microservices-spring-boot-kafka-and-es)
2023-11-08 15:33:00 [http-nio-8888-exec-1] INFO  o.s.boot.SpringApplication - The following profiles are active: twitter_to_kafka
2023-11-08 15:33:00 [http-nio-8888-exec-1] INFO  o.s.boot.SpringApplication - Started application in 0.165 seconds (JVM running for 1251.386)
2023-11-08 15:33:00 [http-nio-8888-exec-1] INFO  o.s.c.c.s.e.NativeEnvironmentRepository - Adding property source: file:/home/nenad/Documents/Learning/event-driven-microservices-spring-boot-kafka-and-es/config-server-repository/config-client-twitter_to_kafka.yml
2023-11-08 15:33:00 [http-nio-8888-exec-1] INFO  o.s.c.c.s.e.NativeEnvironmentRepository - Adding property source: file:/home/nenad/Documents/Learning/event-driven-microservices-spring-boot-kafka-and-es/config-server-repository/config-client.yml
2023-11-08 15:51:09 [SpringContextShutdownHook] INFO  o.s.s.c.ThreadPoolTaskExecutor - Shutting down ExecutorService 'applicationTaskExecutor'
2023-11-08 15:51:12 [background-preinit] INFO  o.h.validator.internal.util.Version - HV000001: Hibernate Validator 6.1.5.Final
2023-11-08 15:51:13 [main] INFO  c.n.c.ConfigServerApplication - No active profile set, falling back to default profiles: default
2023-11-08 15:51:14 [main] INFO  o.s.cloud.context.scope.GenericScope - BeanFactory id=11062ddc-ae9d-3cbf-92eb-9e4d8d055a13
2023-11-08 15:51:14 [main] INFO  o.s.b.w.e.tomcat.TomcatWebServer - Tomcat initialized with port(s): 8888 (http)
2023-11-08 15:51:14 [main] INFO  o.a.coyote.http11.Http11NioProtocol - Initializing ProtocolHandler ["http-nio-8888"]
2023-11-08 15:51:14 [main] INFO  o.a.catalina.core.StandardService - Starting service [Tomcat]
2023-11-08 15:51:14 [main] INFO  o.a.catalina.core.StandardEngine - Starting Servlet engine: [Apache Tomcat/9.0.38]
2023-11-08 15:51:14 [main] INFO  o.a.c.c.C.[Tomcat].[localhost].[/] - Initializing Spring embedded WebApplicationContext
2023-11-08 15:51:14 [main] INFO  o.s.b.w.s.c.ServletWebServerApplicationContext - Root WebApplicationContext: initialization completed in 1191 ms
2023-11-08 15:51:15 [main] INFO  o.s.s.c.ThreadPoolTaskExecutor - Initializing ExecutorService 'applicationTaskExecutor'
2023-11-08 15:51:15 [main] DEBUG o.s.c.c.s.s.GitCredentialsProviderFactory - Constructing UsernamePasswordCredentialsProvider for URI https://github.com/NenadPantelic/spring-cloud-config-server-repository
2023-11-08 15:51:17 [main] INFO  o.s.b.a.e.web.EndpointLinksResolver - Exposing 2 endpoint(s) beneath base path '/actuator'
2023-11-08 15:51:17 [main] INFO  o.a.coyote.http11.Http11NioProtocol - Starting ProtocolHandler ["http-nio-8888"]
2023-11-08 15:51:17 [main] INFO  o.s.b.w.e.tomcat.TomcatWebServer - Tomcat started on port(s): 8888 (http) with context path ''
2023-11-08 15:51:17 [main] INFO  c.n.c.ConfigServerApplication - Started ConfigServerApplication in 5.25 seconds (JVM running for 5.873)
2023-11-08 15:51:31 [http-nio-8888-exec-1] INFO  o.a.c.c.C.[Tomcat].[localhost].[/] - Initializing Spring DispatcherServlet 'dispatcherServlet'
2023-11-08 15:51:31 [http-nio-8888-exec-1] INFO  o.s.web.servlet.DispatcherServlet - Initializing Servlet 'dispatcherServlet'
2023-11-08 15:51:31 [http-nio-8888-exec-1] INFO  o.s.web.servlet.DispatcherServlet - Completed initialization in 8 ms
2023-11-08 15:51:31 [http-nio-8888-exec-1] DEBUG o.s.c.c.s.s.GitCredentialsProviderFactory - Constructing UsernamePasswordCredentialsProvider for URI https://github.com/NenadPantelic/spring-cloud-config-server-repository
2023-11-08 15:55:29 [SpringContextShutdownHook] INFO  o.s.s.c.ThreadPoolTaskExecutor - Shutting down ExecutorService 'applicationTaskExecutor'
2023-11-08 15:55:31 [background-preinit] INFO  o.h.validator.internal.util.Version - HV000001: Hibernate Validator 6.1.5.Final
2023-11-08 15:55:32 [main] INFO  c.n.c.ConfigServerApplication - No active profile set, falling back to default profiles: default
2023-11-08 15:55:33 [main] INFO  o.s.cloud.context.scope.GenericScope - BeanFactory id=11062ddc-ae9d-3cbf-92eb-9e4d8d055a13
2023-11-08 15:55:34 [main] INFO  o.s.b.w.e.tomcat.TomcatWebServer - Tomcat initialized with port(s): 8888 (http)
2023-11-08 15:55:34 [main] INFO  o.a.coyote.http11.Http11NioProtocol - Initializing ProtocolHandler ["http-nio-8888"]
2023-11-08 15:55:34 [main] INFO  o.a.catalina.core.StandardService - Starting service [Tomcat]
2023-11-08 15:55:34 [main] INFO  o.a.catalina.core.StandardEngine - Starting Servlet engine: [Apache Tomcat/9.0.38]
2023-11-08 15:55:34 [main] INFO  o.a.c.c.C.[Tomcat].[localhost].[/] - Initializing Spring embedded WebApplicationContext
2023-11-08 15:55:34 [main] INFO  o.s.b.w.s.c.ServletWebServerApplicationContext - Root WebApplicationContext: initialization completed in 1948 ms
2023-11-08 15:55:34 [main] INFO  o.s.s.c.ThreadPoolTaskExecutor - Initializing ExecutorService 'applicationTaskExecutor'
2023-11-08 15:55:35 [main] DEBUG o.s.c.c.s.s.GitCredentialsProviderFactory - Constructing UsernamePasswordCredentialsProvider for URI https://github.com/NenadPantelic/spring-cloud-config-server-repository
2023-11-08 15:55:37 [main] INFO  o.s.b.a.e.web.EndpointLinksResolver - Exposing 2 endpoint(s) beneath base path '/actuator'
2023-11-08 15:55:37 [main] INFO  o.a.coyote.http11.Http11NioProtocol - Starting ProtocolHandler ["http-nio-8888"]
2023-11-08 15:55:37 [main] INFO  o.s.b.w.e.tomcat.TomcatWebServer - Tomcat started on port(s): 8888 (http) with context path ''
2023-11-08 15:55:37 [main] INFO  c.n.c.ConfigServerApplication - Started ConfigServerApplication in 7.084 seconds (JVM running for 7.903)
2023-11-08 15:55:43 [http-nio-8888-exec-1] INFO  o.a.c.c.C.[Tomcat].[localhost].[/] - Initializing Spring DispatcherServlet 'dispatcherServlet'
2023-11-08 15:55:43 [http-nio-8888-exec-1] INFO  o.s.web.servlet.DispatcherServlet - Initializing Servlet 'dispatcherServlet'
2023-11-08 15:55:43 [http-nio-8888-exec-1] INFO  o.s.web.servlet.DispatcherServlet - Completed initialization in 10 ms
2023-11-08 15:55:43 [http-nio-8888-exec-1] DEBUG o.s.c.c.s.s.GitCredentialsProviderFactory - Constructing UsernamePasswordCredentialsProvider for URI https://github.com/NenadPantelic/spring-cloud-config-server-repository
2023-11-08 15:55:44 [http-nio-8888-exec-1] INFO  o.s.boot.SpringApplication - Starting application on nenad with PID 22970 (started by nenad in /home/nenad/Documents/Learning/event-driven-microservices-spring-boot-kafka-and-es)
2023-11-08 15:55:44 [http-nio-8888-exec-1] INFO  o.s.boot.SpringApplication - The following profiles are active: twitter_to_kafka
2023-11-08 15:55:44 [http-nio-8888-exec-1] INFO  o.s.boot.SpringApplication - Started application in 0.207 seconds (JVM running for 14.526)
2023-11-08 15:55:44 [http-nio-8888-exec-1] INFO  o.s.c.c.s.e.NativeEnvironmentRepository - Adding property source: file:/tmp/config-repo-1793245354687495476/config-client-twitter_to_kafka.yml
2023-11-08 15:55:44 [http-nio-8888-exec-1] INFO  o.s.c.c.s.e.NativeEnvironmentRepository - Adding property source: file:/tmp/config-repo-1793245354687495476/config-client.yml
2023-11-08 15:56:23 [http-nio-8888-exec-2] DEBUG o.s.c.c.s.s.GitCredentialsProviderFactory - Constructing UsernamePasswordCredentialsProvider for URI https://github.com/NenadPantelic/spring-cloud-config-server-repository
2023-11-08 15:56:23 [http-nio-8888-exec-2] INFO  o.s.boot.SpringApplication - Starting application on nenad with PID 22970 (started by nenad in /home/nenad/Documents/Learning/event-driven-microservices-spring-boot-kafka-and-es)
2023-11-08 15:56:23 [http-nio-8888-exec-2] INFO  o.s.boot.SpringApplication - The following profiles are active: twitter_to_kafka
2023-11-08 15:56:23 [http-nio-8888-exec-2] INFO  o.s.boot.SpringApplication - Started application in 0.048 seconds (JVM running for 53.907)
2023-11-08 15:56:23 [http-nio-8888-exec-2] INFO  o.s.c.c.s.e.NativeEnvironmentRepository - Adding property source: file:/tmp/config-repo-1793245354687495476/config-client-twitter_to_kafka.yml
2023-11-08 15:56:23 [http-nio-8888-exec-2] INFO  o.s.c.c.s.e.NativeEnvironmentRepository - Adding property source: file:/tmp/config-repo-1793245354687495476/config-client.yml
