2023-10-29 18:53:42 [main] INFO  c.n.t.TwitterToKafkaServiceApplication - Starting TwitterToKafkaServiceApplication using Java 11.0.19 on nenad with PID 15420 (/home/nenad/Documents/Learning/event-driven-microservices-spring-boot-kafka-and-es/twitter-to-kafka-service/target/classes started by nenad in /home/nenad/Documents/Learning/event-driven-microservices-spring-boot-kafka-and-es)
2023-10-29 18:53:42 [main] INFO  c.n.t.TwitterToKafkaServiceApplication - No active profile set, falling back to 1 default profile: "default"
2023-10-29 18:53:43 [main] INFO  c.n.t.TwitterToKafkaServiceApplication - Started TwitterToKafkaServiceApplication in 1.67 seconds (JVM running for 2.584)
2023-10-29 18:53:43 [main] INFO  c.n.t.TwitterToKafkaServiceApplication - App starts...
2023-10-29 18:53:43 [main] INFO  c.n.t.TwitterToKafkaServiceApplication - Twitter keywords: [Java, Microservices, Spring, Kafka, Elasticsearch]
2023-10-29 18:53:43 [main] INFO  c.n.t.r.i.TwitterKafkaStreamRunner - Started filterin twitter stream for keywords Java
2023-10-29 18:53:43 [Twitter Stream consumer /  [1][initializing]] INFO  twitter4j.TwitterStreamImpl - Establishing connection.
2023-10-29 18:53:44 [Twitter Stream consumer /  [1][Establishing connection]] INFO  twitter4j.TwitterStreamImpl - https://stream.twitter.com/1.1/statuses/filter.json
2023-10-29 18:53:44 [Twitter Stream consumer /  [1][Establishing connection]] INFO  twitter4j.TwitterStreamImpl - Waiting for 250 milliseconds
2023-10-29 18:53:44 [Twitter Stream consumer /  [1][Waiting for 250 milliseconds]] INFO  twitter4j.TwitterStreamImpl - Establishing connection.
2023-10-29 18:53:44 [Twitter Stream consumer /  [1][Establishing connection]] INFO  twitter4j.TwitterStreamImpl - https://stream.twitter.com/1.1/statuses/filter.json
2023-10-29 18:53:44 [Twitter Stream consumer /  [1][Establishing connection]] INFO  twitter4j.TwitterStreamImpl - Waiting for 500 milliseconds
2023-10-29 18:53:45 [Twitter Stream consumer /  [1][Waiting for 500 milliseconds]] INFO  twitter4j.TwitterStreamImpl - Establishing connection.
2023-10-29 18:53:45 [Twitter Stream consumer /  [1][Establishing connection]] INFO  twitter4j.TwitterStreamImpl - https://stream.twitter.com/1.1/statuses/filter.json
2023-10-29 18:53:45 [Twitter Stream consumer /  [1][Establishing connection]] INFO  twitter4j.TwitterStreamImpl - Waiting for 1000 milliseconds
2023-10-29 18:53:46 [Twitter Stream consumer /  [1][Waiting for 1000 milliseconds]] INFO  twitter4j.TwitterStreamImpl - Establishing connection.
2023-10-29 18:53:47 [Twitter Stream consumer /  [1][Establishing connection]] INFO  twitter4j.TwitterStreamImpl - https://stream.twitter.com/1.1/statuses/filter.json
2023-10-29 18:53:47 [Twitter Stream consumer /  [1][Establishing connection]] INFO  twitter4j.TwitterStreamImpl - Waiting for 2000 milliseconds
2023-10-29 18:53:49 [Twitter Stream consumer /  [1][Waiting for 2000 milliseconds]] INFO  twitter4j.TwitterStreamImpl - Establishing connection.
2023-10-29 18:53:49 [Twitter Stream consumer /  [1][Establishing connection]] INFO  twitter4j.TwitterStreamImpl - https://stream.twitter.com/1.1/statuses/filter.json
2023-10-29 18:53:49 [Twitter Stream consumer /  [1][Establishing connection]] INFO  twitter4j.TwitterStreamImpl - Waiting for 4000 milliseconds
2023-10-29 18:53:53 [Twitter Stream consumer /  [1][Waiting for 4000 milliseconds]] INFO  twitter4j.TwitterStreamImpl - Establishing connection.
2023-10-29 18:53:53 [Twitter Stream consumer /  [1][Establishing connection]] INFO  twitter4j.TwitterStreamImpl - https://stream.twitter.com/1.1/statuses/filter.json
2023-10-29 18:53:53 [Twitter Stream consumer /  [1][Establishing connection]] INFO  twitter4j.TwitterStreamImpl - Waiting for 8000 milliseconds
2023-10-29 18:54:01 [Twitter Stream consumer /  [1][Waiting for 8000 milliseconds]] INFO  twitter4j.TwitterStreamImpl - Establishing connection.
2023-10-29 18:54:01 [Twitter Stream consumer /  [1][Establishing connection]] INFO  twitter4j.TwitterStreamImpl - https://stream.twitter.com/1.1/statuses/filter.json
2023-10-29 18:54:01 [Twitter Stream consumer /  [1][Establishing connection]] INFO  twitter4j.TwitterStreamImpl - Waiting for 16000 milliseconds
2023-10-29 18:54:17 [Twitter Stream consumer /  [1][Waiting for 16000 milliseconds]] INFO  twitter4j.TwitterStreamImpl - Establishing connection.
2023-10-29 18:54:18 [Twitter Stream consumer /  [1][Establishing connection]] INFO  twitter4j.TwitterStreamImpl - https://stream.twitter.com/1.1/statuses/filter.json
2023-10-29 18:54:18 [Twitter Stream consumer /  [1][Establishing connection]] INFO  twitter4j.TwitterStreamImpl - Waiting for 16000 milliseconds
2023-10-29 18:54:34 [Twitter Stream consumer /  [1][Waiting for 16000 milliseconds]] INFO  twitter4j.TwitterStreamImpl - Establishing connection.
2023-10-29 18:54:34 [Twitter Stream consumer /  [1][Establishing connection]] INFO  twitter4j.TwitterStreamImpl - https://stream.twitter.com/1.1/statuses/filter.json
2023-10-29 18:54:34 [Twitter Stream consumer /  [1][Establishing connection]] INFO  twitter4j.TwitterStreamImpl - Waiting for 16000 milliseconds
2023-10-29 18:54:50 [Twitter Stream consumer /  [1][Waiting for 16000 milliseconds]] INFO  twitter4j.TwitterStreamImpl - Establishing connection.
2023-10-29 18:54:50 [Twitter Stream consumer /  [1][Establishing connection]] INFO  twitter4j.TwitterStreamImpl - https://stream.twitter.com/1.1/statuses/filter.json
2023-10-29 18:54:50 [Twitter Stream consumer /  [1][Establishing connection]] INFO  twitter4j.TwitterStreamImpl - Waiting for 16000 milliseconds
2023-10-29 18:55:06 [Twitter Stream consumer /  [1][Waiting for 16000 milliseconds]] INFO  twitter4j.TwitterStreamImpl - Establishing connection.
2023-10-29 18:55:07 [Twitter Stream consumer /  [1][Establishing connection]] INFO  twitter4j.TwitterStreamImpl - https://stream.twitter.com/1.1/statuses/filter.json
2023-10-29 18:55:07 [Twitter Stream consumer /  [1][Establishing connection]] INFO  twitter4j.TwitterStreamImpl - Waiting for 16000 milliseconds
2023-10-29 18:55:23 [Twitter Stream consumer /  [1][Waiting for 16000 milliseconds]] INFO  twitter4j.TwitterStreamImpl - Establishing connection.
2023-10-29 18:55:23 [Twitter Stream consumer /  [1][Establishing connection]] INFO  twitter4j.TwitterStreamImpl - https://stream.twitter.com/1.1/statuses/filter.json
2023-10-29 18:55:23 [Twitter Stream consumer /  [1][Establishing connection]] INFO  twitter4j.TwitterStreamImpl - Waiting for 16000 milliseconds
2023-10-29 18:55:39 [Twitter Stream consumer /  [1][Waiting for 16000 milliseconds]] INFO  twitter4j.TwitterStreamImpl - Establishing connection.
2023-10-29 18:55:39 [Twitter Stream consumer /  [1][Establishing connection]] INFO  twitter4j.TwitterStreamImpl - https://stream.twitter.com/1.1/statuses/filter.json
2023-10-29 18:55:39 [Twitter Stream consumer /  [1][Establishing connection]] INFO  twitter4j.TwitterStreamImpl - Waiting for 16000 milliseconds
2023-10-29 18:55:55 [Twitter Stream consumer /  [1][Waiting for 16000 milliseconds]] INFO  twitter4j.TwitterStreamImpl - Establishing connection.
2023-10-29 18:55:56 [Twitter Stream consumer /  [1][Establishing connection]] INFO  twitter4j.TwitterStreamImpl - https://stream.twitter.com/1.1/statuses/filter.json
2023-10-29 18:55:56 [Twitter Stream consumer /  [1][Establishing connection]] INFO  twitter4j.TwitterStreamImpl - Waiting for 16000 milliseconds
2023-10-29 18:56:12 [Twitter Stream consumer /  [1][Waiting for 16000 milliseconds]] INFO  twitter4j.TwitterStreamImpl - Establishing connection.
2023-10-29 18:56:12 [Twitter Stream consumer /  [1][Establishing connection]] INFO  twitter4j.TwitterStreamImpl - https://stream.twitter.com/1.1/statuses/filter.json
2023-10-29 18:56:12 [Twitter Stream consumer /  [1][Establishing connection]] INFO  twitter4j.TwitterStreamImpl - Waiting for 16000 milliseconds
2023-10-29 18:56:28 [Twitter Stream consumer /  [1][Waiting for 16000 milliseconds]] INFO  twitter4j.TwitterStreamImpl - Establishing connection.
2023-10-29 18:56:28 [Twitter Stream consumer /  [1][Establishing connection]] INFO  twitter4j.TwitterStreamImpl - https://stream.twitter.com/1.1/statuses/filter.json
2023-10-29 18:56:28 [Twitter Stream consumer /  [1][Establishing connection]] INFO  twitter4j.TwitterStreamImpl - Waiting for 16000 milliseconds
2023-10-29 18:56:44 [Twitter Stream consumer /  [1][Waiting for 16000 milliseconds]] INFO  twitter4j.TwitterStreamImpl - Establishing connection.
2023-10-29 18:56:45 [Twitter Stream consumer /  [1][Establishing connection]] INFO  twitter4j.TwitterStreamImpl - https://stream.twitter.com/1.1/statuses/filter.json
2023-10-29 18:56:45 [Twitter Stream consumer /  [1][Establishing connection]] INFO  twitter4j.TwitterStreamImpl - Waiting for 16000 milliseconds
2023-10-29 18:57:01 [Twitter Stream consumer /  [1][Waiting for 16000 milliseconds]] INFO  twitter4j.TwitterStreamImpl - Establishing connection.
2023-10-29 18:57:01 [Twitter Stream consumer /  [1][Establishing connection]] INFO  twitter4j.TwitterStreamImpl - https://stream.twitter.com/1.1/statuses/filter.json
2023-10-29 18:57:01 [Twitter Stream consumer /  [1][Establishing connection]] INFO  twitter4j.TwitterStreamImpl - Waiting for 16000 milliseconds
2023-10-29 18:57:17 [Twitter Stream consumer /  [1][Waiting for 16000 milliseconds]] INFO  twitter4j.TwitterStreamImpl - Establishing connection.
2023-10-29 18:57:17 [Twitter Stream consumer /  [1][Establishing connection]] INFO  twitter4j.TwitterStreamImpl - https://stream.twitter.com/1.1/statuses/filter.json
2023-10-29 18:57:17 [Twitter Stream consumer /  [1][Establishing connection]] INFO  twitter4j.TwitterStreamImpl - Waiting for 16000 milliseconds
2023-10-29 18:57:33 [Twitter Stream consumer /  [1][Waiting for 16000 milliseconds]] INFO  twitter4j.TwitterStreamImpl - Establishing connection.
2023-10-29 18:57:34 [Twitter Stream consumer /  [1][Establishing connection]] INFO  twitter4j.TwitterStreamImpl - https://stream.twitter.com/1.1/statuses/filter.json
2023-10-29 18:57:34 [Twitter Stream consumer /  [1][Establishing connection]] INFO  twitter4j.TwitterStreamImpl - Waiting for 16000 milliseconds
2023-10-29 18:57:50 [Twitter Stream consumer /  [1][Waiting for 16000 milliseconds]] INFO  twitter4j.TwitterStreamImpl - Establishing connection.
2023-10-29 18:57:50 [Twitter Stream consumer /  [1][Establishing connection]] INFO  twitter4j.TwitterStreamImpl - https://stream.twitter.com/1.1/statuses/filter.json
2023-10-29 18:57:50 [Twitter Stream consumer /  [1][Establishing connection]] INFO  twitter4j.TwitterStreamImpl - Waiting for 16000 milliseconds
2023-10-29 18:58:06 [Twitter Stream consumer /  [1][Waiting for 16000 milliseconds]] INFO  twitter4j.TwitterStreamImpl - Establishing connection.
2023-10-29 18:58:06 [Twitter Stream consumer /  [1][Establishing connection]] INFO  twitter4j.TwitterStreamImpl - https://stream.twitter.com/1.1/statuses/filter.json
2023-10-29 18:58:06 [Twitter Stream consumer /  [1][Establishing connection]] INFO  twitter4j.TwitterStreamImpl - Waiting for 16000 milliseconds
2023-10-29 18:58:22 [Twitter Stream consumer /  [1][Waiting for 16000 milliseconds]] INFO  twitter4j.TwitterStreamImpl - Establishing connection.
2023-10-29 18:58:22 [Twitter Stream consumer /  [1][Establishing connection]] INFO  twitter4j.TwitterStreamImpl - https://stream.twitter.com/1.1/statuses/filter.json
2023-10-29 18:58:22 [Twitter Stream consumer /  [1][Establishing connection]] INFO  twitter4j.TwitterStreamImpl - Waiting for 16000 milliseconds
2023-10-29 18:58:38 [Twitter Stream consumer /  [1][Waiting for 16000 milliseconds]] INFO  twitter4j.TwitterStreamImpl - Establishing connection.
2023-10-29 18:58:39 [Twitter Stream consumer /  [1][Establishing connection]] INFO  twitter4j.TwitterStreamImpl - https://stream.twitter.com/1.1/statuses/filter.json
2023-10-29 18:58:39 [Twitter Stream consumer /  [1][Establishing connection]] INFO  twitter4j.TwitterStreamImpl - Waiting for 16000 milliseconds
2023-10-29 18:58:55 [Twitter Stream consumer /  [1][Waiting for 16000 milliseconds]] INFO  twitter4j.TwitterStreamImpl - Establishing connection.
2023-10-29 18:58:55 [Twitter Stream consumer /  [1][Establishing connection]] INFO  twitter4j.TwitterStreamImpl - https://stream.twitter.com/1.1/statuses/filter.json
2023-10-29 18:58:55 [Twitter Stream consumer /  [1][Establishing connection]] INFO  twitter4j.TwitterStreamImpl - Waiting for 16000 milliseconds
2023-10-29 18:59:11 [Twitter Stream consumer /  [1][Waiting for 16000 milliseconds]] INFO  twitter4j.TwitterStreamImpl - Establishing connection.
2023-10-29 18:59:11 [Twitter Stream consumer /  [1][Establishing connection]] INFO  twitter4j.TwitterStreamImpl - https://stream.twitter.com/1.1/statuses/filter.json
2023-10-29 18:59:11 [Twitter Stream consumer /  [1][Establishing connection]] INFO  twitter4j.TwitterStreamImpl - Waiting for 16000 milliseconds
2023-10-29 18:59:27 [Twitter Stream consumer /  [1][Waiting for 16000 milliseconds]] INFO  twitter4j.TwitterStreamImpl - Establishing connection.
2023-10-29 18:59:28 [Twitter Stream consumer /  [1][Establishing connection]] INFO  twitter4j.TwitterStreamImpl - https://stream.twitter.com/1.1/statuses/filter.json
2023-10-29 18:59:28 [Twitter Stream consumer /  [1][Establishing connection]] INFO  twitter4j.TwitterStreamImpl - Waiting for 16000 milliseconds
2023-10-29 18:59:44 [Twitter Stream consumer /  [1][Waiting for 16000 milliseconds]] INFO  twitter4j.TwitterStreamImpl - Establishing connection.
2023-10-29 18:59:44 [Twitter Stream consumer /  [1][Establishing connection]] INFO  twitter4j.TwitterStreamImpl - https://stream.twitter.com/1.1/statuses/filter.json
2023-10-29 18:59:44 [Twitter Stream consumer /  [1][Establishing connection]] INFO  twitter4j.TwitterStreamImpl - Waiting for 16000 milliseconds
2023-10-29 18:59:54 [SpringApplicationShutdownHook] INFO  c.n.t.r.i.TwitterKafkaStreamRunner - Closing twitter stream.  
2023-10-29 20:26:09 [main] INFO  c.n.t.TwitterToKafkaServiceApplication - Starting TwitterToKafkaServiceApplication using Java 11.0.19 on nenad with PID 31354 (/home/nenad/Documents/Learning/event-driven-microservices-spring-boot-kafka-and-es/twitter-to-kafka-service/target/classes started by nenad in /home/nenad/Documents/Learning/event-driven-microservices-spring-boot-kafka-and-es)
2023-10-29 20:26:09 [main] INFO  c.n.t.TwitterToKafkaServiceApplication - No active profile set, falling back to 1 default profile: "default"
2023-10-29 20:26:09 [main] INFO  c.n.t.TwitterToKafkaServiceApplication - Started TwitterToKafkaServiceApplication in 1.341 seconds (JVM running for 2.035)
2023-10-29 20:26:09 [main] INFO  c.n.t.TwitterToKafkaServiceApplication - App starts...
2023-10-29 20:26:09 [main] INFO  c.n.t.TwitterToKafkaServiceApplication - Twitter keywords: [Java, Microservices, Spring, Kafka, Elasticsearch]
2023-10-29 20:26:09 [main] INFO  c.n.t.r.impl.MockKafkaStreamRunner - Starting mock filtering twitter streams for keywords [Java, Microservices, Spring, Kafka, Elasticsearch]
2023-10-29 20:26:10 [pool-1-thread-1] INFO  c.n.t.l.TwitterKafkaStatusListener - Twitter status with text consectetuer ultricies Spring ultricies sed
2023-10-29 20:26:20 [pool-1-thread-1] INFO  c.n.t.l.TwitterKafkaStatusListener - Twitter status with text pulvinar Fusce congue Fusce malesuada magna dolor Java magna pulvinar consectetuer ultricies lectus purus
